[2017-05-15 09:34:33] app.INFO: Matched route "POST_1.0_plus". {"route_parameters":{"_controller":"[object] (Closure: {})","_route":"POST_1.0_plus"},"request_uri":"http://mrandmrssmith.local/1.0/plus"} []
[2017-05-15 09:34:33] app.INFO: > POST /1.0/plus [] []
[2017-05-15 09:35:49] app.INFO: Matched route "POST_1.0_plus". {"route_parameters":{"_controller":"[object] (Closure: {})","_route":"POST_1.0_plus"},"request_uri":"http://mrandmrssmith.local/1.0/plus"} []
[2017-05-15 09:35:49] app.INFO: > POST /1.0/plus [] []
[2017-05-15 09:36:46] app.INFO: Matched route "POST_1.0_plus". {"route_parameters":{"_controller":"[object] (Closure: {})","_route":"POST_1.0_plus"},"request_uri":"http://mrandmrssmith.local/1.0/plus"} []
[2017-05-15 09:36:46] app.INFO: > POST /1.0/plus [] []
[2017-05-15 09:36:46] app.INFO: < 200 [] []
[2017-05-15 09:37:59] app.INFO: Matched route "POST_1.0_plus". {"route_parameters":{"_controller":"[object] (Closure: {})","_route":"POST_1.0_plus"},"request_uri":"http://mrandmrssmith.local/1.0/plus"} []
[2017-05-15 09:37:59] app.INFO: > POST /1.0/plus [] []
[2017-05-15 09:37:59] app.INFO: < 200 [] []
[2017-05-15 09:39:38] app.ERROR: Symfony\Component\HttpKernel\Exception\NotFoundHttpException: No route found for "GET /1.0" (uncaught exception) at /home/imran/Projects/mrandmrssmith/vendor/symfony/http-kernel/EventListener/RouterListener.php line 176 {"exception":"[object] (Symfony\\Component\\HttpKernel\\Exception\\NotFoundHttpException(code: 0): No route found for \"GET /1.0\" at /home/imran/Projects/mrandmrssmith/vendor/symfony/http-kernel/EventListener/RouterListener.php:176, Symfony\\Component\\Routing\\Exception\\ResourceNotFoundException(code: 0): No routes found for \"/1.0\". at /home/imran/Projects/mrandmrssmith/vendor/symfony/routing/Matcher/UrlMatcher.php:98)"} []
[2017-05-15 09:39:38] app.INFO: < 302 / [] []
[2017-05-15 09:39:38] app.INFO: Matched route "GET_". {"route_parameters":{"_controller":"[object] (Closure: {})","_route":"GET_"},"request_uri":"http://mrandmrssmith.local/"} []
[2017-05-15 09:39:38] app.INFO: > GET / [] []
[2017-05-15 09:39:38] app.INFO: < 200 [] []
[2017-05-15 09:39:41] app.INFO: Matched route "GET_". {"route_parameters":{"_controller":"[object] (Closure: {})","_route":"GET_"},"request_uri":"http://mrandmrssmith.local/"} []
[2017-05-15 09:39:41] app.INFO: > GET / [] []
[2017-05-15 09:39:41] app.INFO: < 200 [] []
[2017-05-15 09:44:26] app.INFO: Matched route "GET_". {"route_parameters":{"_controller":"[object] (Closure: {})","_route":"GET_"},"request_uri":"http://mrandmrssmith.local/"} []
[2017-05-15 09:44:26] app.INFO: > GET / [] []
[2017-05-15 09:44:28] app.INFO: Matched route "GET_". {"route_parameters":{"_controller":"[object] (Closure: {})","_route":"GET_"},"request_uri":"http://mrandmrssmith.local/"} []
[2017-05-15 09:44:28] app.INFO: > GET / [] []
[2017-05-15 09:44:32] app.INFO: Matched route "GET_". {"route_parameters":{"_controller":"[object] (Closure: {})","_route":"GET_"},"request_uri":"http://mrandmrssmith.local/"} []
[2017-05-15 09:44:32] app.INFO: > GET / [] []
[2017-05-15 09:44:45] app.INFO: Matched route "GET_". {"route_parameters":{"_controller":"[object] (Closure: {})","_route":"GET_"},"request_uri":"http://mrandmrssmith.local/"} []
[2017-05-15 09:44:45] app.INFO: > GET / [] []
[2017-05-15 09:44:53] app.INFO: Matched route "GET_1.0". {"route_parameters":{"_controller":"[object] (Closure: {})","_route":"GET_1.0"},"request_uri":"http://mrandmrssmith.local/1.0"} []
[2017-05-15 09:44:53] app.INFO: > GET /1.0 [] []
[2017-05-15 09:44:53] app.INFO: < 200 [] []
[2017-05-15 09:45:29] app.INFO: Matched route "GET_". {"route_parameters":{"_controller":"[object] (Closure: {})","_route":"GET_"},"request_uri":"http://mrandmrssmith.local/"} []
[2017-05-15 09:45:29] app.INFO: > GET / [] []
[2017-05-15 09:45:29] app.INFO: < 200 [] []
[2017-05-15 09:45:54] app.INFO: Matched route "GET_". {"route_parameters":{"_controller":"[object] (Closure: {})","_route":"GET_"},"request_uri":"http://mrandmrssmith.local/"} []
[2017-05-15 09:45:54] app.INFO: > GET / [] []
[2017-05-15 09:45:54] app.INFO: < 200 [] []
[2017-05-15 09:46:01] app.INFO: Matched route "GET_". {"route_parameters":{"_controller":"[object] (Closure: {})","_route":"GET_"},"request_uri":"http://mrandmrssmith.local/"} []
[2017-05-15 09:46:01] app.INFO: > GET / [] []
[2017-05-15 09:46:01] app.INFO: < 200 [] []
[2017-05-15 09:47:17] app.INFO: Matched route "GET_". {"route_parameters":{"_controller":"[object] (Closure: {})","_route":"GET_"},"request_uri":"http://mrandmrssmith.local/"} []
[2017-05-15 09:47:17] app.INFO: > GET / [] []
[2017-05-15 09:47:17] app.INFO: < 200 [] []
[2017-05-15 09:51:48] app.INFO: Matched route "GET_". {"route_parameters":{"_controller":"[object] (Closure: {})","_route":"GET_"},"request_uri":"http://mrandmrssmith.local/"} []
[2017-05-15 09:51:48] app.INFO: > GET / [] []
[2017-05-15 09:51:48] app.INFO: < 200 [] []
[2017-05-15 09:52:32] app.INFO: Matched route "GET_". {"route_parameters":{"_controller":"[object] (Closure: {})","_route":"GET_"},"request_uri":"http://mrandmrssmith.local/"} []
[2017-05-15 09:52:32] app.INFO: > GET / [] []
[2017-05-15 09:52:32] app.INFO: < 200 [] []
[2017-05-15 09:53:00] app.INFO: Matched route "GET_". {"route_parameters":{"_controller":"[object] (Closure: {})","_route":"GET_"},"request_uri":"http://mrandmrssmith.local/"} []
[2017-05-15 09:53:00] app.INFO: > GET / [] []
[2017-05-15 09:53:00] app.INFO: < 200 [] []
[2017-05-15 09:56:03] app.INFO: Matched route "GET_". {"route_parameters":{"_controller":"[object] (Closure: {})","_route":"GET_"},"request_uri":"http://mrandmrssmith.local/"} []
[2017-05-15 09:56:03] app.INFO: > GET / [] []
[2017-05-15 09:56:03] app.INFO: < 200 [] []
[2017-05-15 09:56:03] app.ERROR: Symfony\Component\HttpKernel\Exception\NotFoundHttpException: No route found for "GET /web/jquery-3.2.1.min.js" (from "http://mrandmrssmith.local/") (uncaught exception) at /home/imran/Projects/mrandmrssmith/vendor/symfony/http-kernel/EventListener/RouterListener.php line 176 {"exception":"[object] (Symfony\\Component\\HttpKernel\\Exception\\NotFoundHttpException(code: 0): No route found for \"GET /web/jquery-3.2.1.min.js\" (from \"http://mrandmrssmith.local/\") at /home/imran/Projects/mrandmrssmith/vendor/symfony/http-kernel/EventListener/RouterListener.php:176, Symfony\\Component\\Routing\\Exception\\ResourceNotFoundException(code: 0): No routes found for \"/web/jquery-3.2.1.min.js\". at /home/imran/Projects/mrandmrssmith/vendor/symfony/routing/Matcher/UrlMatcher.php:98)"} []
[2017-05-15 09:56:03] app.INFO: < 302 / [] []
[2017-05-15 09:56:03] app.INFO: Matched route "GET_". {"route_parameters":{"_controller":"[object] (Closure: {})","_route":"GET_"},"request_uri":"http://mrandmrssmith.local/"} []
[2017-05-15 09:56:03] app.INFO: > GET / [] []
[2017-05-15 09:56:03] app.INFO: < 200 [] []
[2017-05-15 09:56:13] app.INFO: Matched route "GET_". {"route_parameters":{"_controller":"[object] (Closure: {})","_route":"GET_"},"request_uri":"http://mrandmrssmith.local/"} []
[2017-05-15 09:56:13] app.INFO: > GET / [] []
[2017-05-15 09:56:13] app.INFO: < 200 [] []
[2017-05-15 09:56:27] app.INFO: Matched route "GET_". {"route_parameters":{"_controller":"[object] (Closure: {})","_route":"GET_"},"request_uri":"http://mrandmrssmith.local/"} []
[2017-05-15 09:56:27] app.INFO: > GET / [] []
[2017-05-15 09:56:27] app.INFO: < 200 [] []
[2017-05-15 09:56:31] app.INFO: Matched route "GET_". {"route_parameters":{"_controller":"[object] (Closure: {})","_route":"GET_"},"request_uri":"http://mrandmrssmith.local/"} []
[2017-05-15 09:56:31] app.INFO: > GET / [] []
[2017-05-15 09:56:31] app.INFO: < 200 [] []
[2017-05-15 09:56:35] app.INFO: Matched route "GET_". {"route_parameters":{"_controller":"[object] (Closure: {})","_route":"GET_"},"request_uri":"http://mrandmrssmith.local/"} []
[2017-05-15 09:56:35] app.INFO: > GET / [] []
[2017-05-15 09:56:35] app.INFO: < 200 [] []
[2017-05-15 09:58:42] app.INFO: Matched route "GET_". {"route_parameters":{"_controller":"[object] (Closure: {})","_route":"GET_"},"request_uri":"http://mrandmrssmith.local/"} []
[2017-05-15 09:58:42] app.INFO: > GET / [] []
[2017-05-15 09:58:42] app.INFO: < 200 [] []
[2017-05-15 09:58:55] app.INFO: Matched route "GET_". {"route_parameters":{"_controller":"[object] (Closure: {})","_route":"GET_"},"request_uri":"http://mrandmrssmith.local/"} []
[2017-05-15 09:58:55] app.INFO: > GET / [] []
[2017-05-15 09:58:55] app.INFO: < 200 [] []
[2017-05-15 09:59:05] app.INFO: Matched route "GET_". {"route_parameters":{"_controller":"[object] (Closure: {})","_route":"GET_"},"request_uri":"http://mrandmrssmith.local/"} []
[2017-05-15 09:59:05] app.INFO: > GET / [] []
[2017-05-15 09:59:05] app.INFO: < 200 [] []
[2017-05-15 10:01:07] app.INFO: Matched route "GET_". {"route_parameters":{"_controller":"[object] (Closure: {})","_route":"GET_"},"request_uri":"http://mrandmrssmith.local/"} []
[2017-05-15 10:01:07] app.INFO: > GET / [] []
[2017-05-15 10:01:07] app.INFO: < 200 [] []
[2017-05-15 10:01:16] app.INFO: Matched route "GET_". {"route_parameters":{"_controller":"[object] (Closure: {})","_route":"GET_"},"request_uri":"http://mrandmrssmith.local/"} []
[2017-05-15 10:01:16] app.INFO: > GET / [] []
[2017-05-15 10:01:16] app.INFO: < 200 [] []
[2017-05-15 10:03:01] app.INFO: Matched route "GET_". {"route_parameters":{"_controller":"[object] (Closure: {})","_route":"GET_"},"request_uri":"http://mrandmrssmith.local/"} []
[2017-05-15 10:03:01] app.INFO: > GET / [] []
[2017-05-15 10:03:01] app.INFO: < 200 [] []
[2017-05-15 10:03:14] app.INFO: Matched route "GET_". {"route_parameters":{"_controller":"[object] (Closure: {})","_route":"GET_"},"request_uri":"http://mrandmrssmith.local/"} []
[2017-05-15 10:03:14] app.INFO: > GET / [] []
[2017-05-15 10:03:14] app.INFO: < 200 [] []
[2017-05-15 10:03:27] app.INFO: Matched route "GET_". {"route_parameters":{"_controller":"[object] (Closure: {})","_route":"GET_"},"request_uri":"http://mrandmrssmith.local/"} []
[2017-05-15 10:03:27] app.INFO: > GET / [] []
[2017-05-15 10:03:27] app.INFO: < 200 [] []
[2017-05-15 10:03:32] app.INFO: Matched route "GET_". {"route_parameters":{"_controller":"[object] (Closure: {})","_route":"GET_"},"request_uri":"http://mrandmrssmith.local/"} []
[2017-05-15 10:03:32] app.INFO: > GET / [] []
[2017-05-15 10:03:32] app.INFO: < 200 [] []
[2017-05-15 10:03:38] app.INFO: Matched route "GET_". {"route_parameters":{"_controller":"[object] (Closure: {})","_route":"GET_"},"request_uri":"http://mrandmrssmith.local/"} []
[2017-05-15 10:03:38] app.INFO: > GET / [] []
[2017-05-15 10:03:38] app.INFO: < 200 [] []
[2017-05-15 10:04:08] app.INFO: Matched route "GET_". {"route_parameters":{"_controller":"[object] (Closure: {})","_route":"GET_"},"request_uri":"http://mrandmrssmith.local/"} []
[2017-05-15 10:04:08] app.INFO: > GET / [] []
[2017-05-15 10:04:08] app.INFO: < 200 [] []
[2017-05-15 10:04:19] app.INFO: Matched route "GET_". {"route_parameters":{"_controller":"[object] (Closure: {})","_route":"GET_"},"request_uri":"http://mrandmrssmith.local/"} []
[2017-05-15 10:04:19] app.INFO: > GET / [] []
[2017-05-15 10:04:19] app.INFO: < 200 [] []
[2017-05-15 10:05:36] app.INFO: Matched route "GET_". {"route_parameters":{"_controller":"[object] (Closure: {})","_route":"GET_"},"request_uri":"http://mrandmrssmith.local/"} []
[2017-05-15 10:05:36] app.INFO: > GET / [] []
[2017-05-15 10:05:36] app.INFO: < 200 [] []
[2017-05-15 10:05:40] app.INFO: Matched route "GET_". {"route_parameters":{"_controller":"[object] (Closure: {})","_route":"GET_"},"request_uri":"http://mrandmrssmith.local/"} []
[2017-05-15 10:05:40] app.INFO: > GET / [] []
[2017-05-15 10:05:40] app.INFO: < 200 [] []
[2017-05-15 10:05:43] app.INFO: Matched route "GET_". {"route_parameters":{"_controller":"[object] (Closure: {})","_route":"GET_"},"request_uri":"http://mrandmrssmith.local/"} []
[2017-05-15 10:05:43] app.INFO: > GET / [] []
[2017-05-15 10:05:43] app.INFO: < 200 [] []
[2017-05-15 10:06:12] app.INFO: Matched route "GET_". {"route_parameters":{"_controller":"[object] (Closure: {})","_route":"GET_"},"request_uri":"http://mrandmrssmith.local/"} []
[2017-05-15 10:06:12] app.INFO: > GET / [] []
[2017-05-15 10:06:12] app.INFO: < 200 [] []
[2017-05-15 10:08:03] app.INFO: Matched route "GET_". {"route_parameters":{"_controller":"[object] (Closure: {})","_route":"GET_"},"request_uri":"http://mrandmrssmith.local/"} []
[2017-05-15 10:08:03] app.INFO: > GET / [] []
[2017-05-15 10:08:03] app.INFO: < 200 [] []
[2017-05-15 10:08:40] app.INFO: Matched route "GET_". {"route_parameters":{"_controller":"[object] (Closure: {})","_route":"GET_"},"request_uri":"http://mrandmrssmith.local/"} []
[2017-05-15 10:08:40] app.INFO: > GET / [] []
[2017-05-15 10:08:40] app.INFO: < 200 [] []
[2017-05-15 10:10:00] app.INFO: Matched route "GET_". {"route_parameters":{"_controller":"[object] (Closure: {})","_route":"GET_"},"request_uri":"http://mrandmrssmith.local/"} []
[2017-05-15 10:10:00] app.INFO: > GET / [] []
[2017-05-15 10:10:00] app.INFO: < 200 [] []
[2017-05-15 10:10:15] app.INFO: Matched route "GET_". {"route_parameters":{"_controller":"[object] (Closure: {})","_route":"GET_"},"request_uri":"http://mrandmrssmith.local/"} []
[2017-05-15 10:10:15] app.INFO: > GET / [] []
[2017-05-15 10:10:15] app.INFO: < 200 [] []
[2017-05-15 10:10:28] app.INFO: Matched route "GET_". {"route_parameters":{"_controller":"[object] (Closure: {})","_route":"GET_"},"request_uri":"http://mrandmrssmith.local/"} []
[2017-05-15 10:10:28] app.INFO: > GET / [] []
[2017-05-15 10:10:28] app.INFO: < 200 [] []
[2017-05-15 10:11:37] app.INFO: Matched route "GET_". {"route_parameters":{"_controller":"[object] (Closure: {})","_route":"GET_"},"request_uri":"http://mrandmrssmith.local/"} []
[2017-05-15 10:11:37] app.INFO: > GET / [] []
[2017-05-15 10:11:37] app.INFO: < 200 [] []
[2017-05-15 10:11:38] app.INFO: Matched route "GET_". {"route_parameters":{"_controller":"[object] (Closure: {})","_route":"GET_"},"request_uri":"http://mrandmrssmith.local/"} []
[2017-05-15 10:11:38] app.INFO: > GET / [] []
[2017-05-15 10:11:38] app.INFO: < 200 [] []
[2017-05-15 10:11:52] app.INFO: Matched route "GET_". {"route_parameters":{"_controller":"[object] (Closure: {})","_route":"GET_"},"request_uri":"http://mrandmrssmith.local/"} []
[2017-05-15 10:11:52] app.INFO: > GET / [] []
[2017-05-15 10:11:52] app.INFO: < 200 [] []
[2017-05-15 10:12:28] app.INFO: Matched route "GET_". {"route_parameters":{"_controller":"[object] (Closure: {})","_route":"GET_"},"request_uri":"http://mrandmrssmith.local/"} []
[2017-05-15 10:12:28] app.INFO: > GET / [] []
[2017-05-15 10:12:28] app.INFO: < 200 [] []
[2017-05-15 10:13:21] app.INFO: Matched route "GET_". {"route_parameters":{"_controller":"[object] (Closure: {})","_route":"GET_"},"request_uri":"http://mrandmrssmith.local/"} []
[2017-05-15 10:13:21] app.INFO: > GET / [] []
[2017-05-15 10:13:21] app.INFO: < 200 [] []
[2017-05-15 10:13:30] app.INFO: Matched route "GET_". {"route_parameters":{"_controller":"[object] (Closure: {})","_route":"GET_"},"request_uri":"http://mrandmrssmith.local/"} []
[2017-05-15 10:13:30] app.INFO: > GET / [] []
[2017-05-15 10:13:30] app.INFO: < 200 [] []
[2017-05-15 10:13:40] app.INFO: Matched route "GET_". {"route_parameters":{"_controller":"[object] (Closure: {})","_route":"GET_"},"request_uri":"http://mrandmrssmith.local/"} []
[2017-05-15 10:13:40] app.INFO: > GET / [] []
[2017-05-15 10:13:40] app.INFO: < 200 [] []
[2017-05-15 10:13:59] app.INFO: Matched route "GET_". {"route_parameters":{"_controller":"[object] (Closure: {})","_route":"GET_"},"request_uri":"http://mrandmrssmith.local/"} []
[2017-05-15 10:13:59] app.INFO: > GET / [] []
[2017-05-15 10:13:59] app.INFO: < 200 [] []
[2017-05-15 10:21:41] app.INFO: Matched route "GET_". {"route_parameters":{"_controller":"[object] (Closure: {})","_route":"GET_"},"request_uri":"http://mrandmrssmith.local/"} []
[2017-05-15 10:21:41] app.INFO: > GET / [] []
[2017-05-15 10:21:41] app.INFO: < 200 [] []
[2017-05-15 10:21:43] app.INFO: Matched route "POST_1.0_plus". {"route_parameters":{"_controller":"[object] (Closure: {})","_route":"POST_1.0_plus"},"request_uri":"http://mrandmrssmith.local/1.0/plus"} []
[2017-05-15 10:21:43] app.INFO: > POST /1.0/plus [] []
[2017-05-15 10:21:43] app.INFO: < 200 [] []
[2017-05-15 10:21:47] app.INFO: Matched route "POST_1.0_plus". {"route_parameters":{"_controller":"[object] (Closure: {})","_route":"POST_1.0_plus"},"request_uri":"http://mrandmrssmith.local/1.0/plus"} []
[2017-05-15 10:21:47] app.INFO: > POST /1.0/plus [] []
[2017-05-15 10:21:47] app.INFO: < 200 [] []
[2017-05-15 10:22:35] app.INFO: Matched route "GET_". {"route_parameters":{"_controller":"[object] (Closure: {})","_route":"GET_"},"request_uri":"http://mrandmrssmith.local/"} []
[2017-05-15 10:22:35] app.INFO: > GET / [] []
[2017-05-15 10:22:35] app.INFO: < 200 [] []
[2017-05-15 10:22:44] app.INFO: Matched route "POST_1.0_plus". {"route_parameters":{"_controller":"[object] (Closure: {})","_route":"POST_1.0_plus"},"request_uri":"http://mrandmrssmith.local/1.0/plus"} []
[2017-05-15 10:22:44] app.INFO: > POST /1.0/plus [] []
[2017-05-15 10:22:44] app.INFO: < 200 [] []
[2017-05-15 10:22:46] app.INFO: Matched route "POST_1.0_plus". {"route_parameters":{"_controller":"[object] (Closure: {})","_route":"POST_1.0_plus"},"request_uri":"http://mrandmrssmith.local/1.0/plus"} []
[2017-05-15 10:22:46] app.INFO: > POST /1.0/plus [] []
[2017-05-15 10:22:46] app.INFO: < 200 [] []
[2017-05-15 10:22:48] app.INFO: Matched route "POST_1.0_plus". {"route_parameters":{"_controller":"[object] (Closure: {})","_route":"POST_1.0_plus"},"request_uri":"http://mrandmrssmith.local/1.0/plus"} []
[2017-05-15 10:22:48] app.INFO: > POST /1.0/plus [] []
[2017-05-15 10:22:48] app.INFO: < 200 [] []
[2017-05-15 10:23:01] app.INFO: Matched route "GET_". {"route_parameters":{"_controller":"[object] (Closure: {})","_route":"GET_"},"request_uri":"http://mrandmrssmith.local/"} []
[2017-05-15 10:23:01] app.INFO: > GET / [] []
[2017-05-15 10:23:01] app.INFO: < 200 [] []
[2017-05-15 10:23:02] app.INFO: Matched route "POST_1.0_plus". {"route_parameters":{"_controller":"[object] (Closure: {})","_route":"POST_1.0_plus"},"request_uri":"http://mrandmrssmith.local/1.0/plus"} []
[2017-05-15 10:23:02] app.INFO: > POST /1.0/plus [] []
[2017-05-15 10:23:02] app.INFO: < 200 [] []
[2017-05-15 10:23:22] app.INFO: Matched route "GET_". {"route_parameters":{"_controller":"[object] (Closure: {})","_route":"GET_"},"request_uri":"http://mrandmrssmith.local/"} []
[2017-05-15 10:23:22] app.INFO: > GET / [] []
[2017-05-15 10:23:22] app.INFO: < 200 [] []
[2017-05-15 10:23:25] app.INFO: Matched route "POST_1.0_plus". {"route_parameters":{"_controller":"[object] (Closure: {})","_route":"POST_1.0_plus"},"request_uri":"http://mrandmrssmith.local/1.0/plus"} []
[2017-05-15 10:23:25] app.INFO: > POST /1.0/plus [] []
[2017-05-15 10:23:25] app.INFO: < 200 [] []
[2017-05-15 10:25:57] app.INFO: Matched route "GET_". {"route_parameters":{"_controller":"[object] (Closure: {})","_route":"GET_"},"request_uri":"http://mrandmrssmith.local/"} []
[2017-05-15 10:25:57] app.INFO: > GET / [] []
[2017-05-15 10:25:57] app.INFO: < 200 [] []
[2017-05-15 10:25:59] app.INFO: Matched route "POST_1.0_plus". {"route_parameters":{"_controller":"[object] (Closure: {})","_route":"POST_1.0_plus"},"request_uri":"http://mrandmrssmith.local/1.0/plus"} []
[2017-05-15 10:25:59] app.INFO: > POST /1.0/plus [] []
[2017-05-15 10:25:59] app.INFO: < 200 [] []
[2017-05-15 10:26:00] app.INFO: Matched route "POST_1.0_plus". {"route_parameters":{"_controller":"[object] (Closure: {})","_route":"POST_1.0_plus"},"request_uri":"http://mrandmrssmith.local/1.0/plus"} []
[2017-05-15 10:26:00] app.INFO: > POST /1.0/plus [] []
[2017-05-15 10:26:00] app.INFO: < 200 [] []
[2017-05-15 10:26:01] app.INFO: Matched route "POST_1.0_plus". {"route_parameters":{"_controller":"[object] (Closure: {})","_route":"POST_1.0_plus"},"request_uri":"http://mrandmrssmith.local/1.0/plus"} []
[2017-05-15 10:26:01] app.INFO: > POST /1.0/plus [] []
[2017-05-15 10:26:01] app.INFO: < 200 [] []
[2017-05-15 10:26:04] app.INFO: Matched route "POST_1.0_plus". {"route_parameters":{"_controller":"[object] (Closure: {})","_route":"POST_1.0_plus"},"request_uri":"http://mrandmrssmith.local/1.0/plus"} []
[2017-05-15 10:26:04] app.INFO: > POST /1.0/plus [] []
[2017-05-15 10:26:04] app.INFO: < 200 [] []
[2017-05-15 10:33:07] app.INFO: Matched route "GET_". {"route_parameters":{"_controller":"[object] (Closure: {})","_route":"GET_"},"request_uri":"http://mrandmrssmith.local/"} []
[2017-05-15 10:33:07] app.INFO: > GET / [] []
[2017-05-15 10:33:07] app.INFO: < 200 [] []
[2017-05-15 10:40:07] app.INFO: Matched route "GET_". {"route_parameters":{"_controller":"[object] (Closure: {})","_route":"GET_"},"request_uri":"http://mrandmrssmith.local/"} []
[2017-05-15 10:40:07] app.INFO: > GET / [] []
[2017-05-15 10:40:07] app.INFO: < 200 [] []
[2017-05-15 10:45:25] app.INFO: Matched route "GET_". {"route_parameters":{"_controller":"[object] (Closure: {})","_route":"GET_"},"request_uri":"http://mrandmrssmith.local/"} []
[2017-05-15 10:45:25] app.INFO: > GET / [] []
[2017-05-15 10:45:25] app.INFO: < 200 [] []
[2017-05-15 10:45:28] app.INFO: Matched route "POST_1.0_plus". {"route_parameters":{"_controller":"[object] (Closure: {})","_route":"POST_1.0_plus"},"request_uri":"http://mrandmrssmith.local/1.0/plus"} []
[2017-05-15 10:45:28] app.INFO: > POST /1.0/plus [] []
[2017-05-15 10:45:28] app.INFO: < 200 [] []
[2017-05-15 10:45:29] app.INFO: Matched route "POST_1.0_plus". {"route_parameters":{"_controller":"[object] (Closure: {})","_route":"POST_1.0_plus"},"request_uri":"http://mrandmrssmith.local/1.0/plus"} []
[2017-05-15 10:45:29] app.INFO: > POST /1.0/plus [] []
[2017-05-15 10:45:29] app.INFO: < 200 [] []
[2017-05-15 10:45:35] app.INFO: Matched route "POST_1.0_plus". {"route_parameters":{"_controller":"[object] (Closure: {})","_route":"POST_1.0_plus"},"request_uri":"http://mrandmrssmith.local/1.0/plus"} []
[2017-05-15 10:45:35] app.INFO: > POST /1.0/plus [] []
[2017-05-15 10:45:35] app.INFO: < 200 [] []
[2017-05-15 10:47:19] app.INFO: Matched route "GET_". {"route_parameters":{"_controller":"[object] (Closure: {})","_route":"GET_"},"request_uri":"http://mrandmrssmith.local/"} []
[2017-05-15 10:47:19] app.INFO: > GET / [] []
[2017-05-15 10:47:19] app.INFO: < 200 [] []
[2017-05-15 10:47:21] app.INFO: Matched route "POST_1.0_minus". {"route_parameters":{"_controller":"[object] (Closure: {})","_route":"POST_1.0_minus"},"request_uri":"http://mrandmrssmith.local/1.0/minus"} []
[2017-05-15 10:47:21] app.INFO: > POST /1.0/minus [] []
[2017-05-15 10:47:21] app.INFO: < 200 [] []
[2017-05-15 10:47:24] app.INFO: Matched route "POST_1.0_plus". {"route_parameters":{"_controller":"[object] (Closure: {})","_route":"POST_1.0_plus"},"request_uri":"http://mrandmrssmith.local/1.0/plus"} []
[2017-05-15 10:47:24] app.INFO: > POST /1.0/plus [] []
[2017-05-15 10:47:24] app.INFO: < 200 [] []
[2017-05-15 10:47:25] app.INFO: Matched route "POST_1.0_minus". {"route_parameters":{"_controller":"[object] (Closure: {})","_route":"POST_1.0_minus"},"request_uri":"http://mrandmrssmith.local/1.0/minus"} []
[2017-05-15 10:47:25] app.INFO: > POST /1.0/minus [] []
[2017-05-15 10:47:25] app.INFO: < 200 [] []
[2017-05-15 10:47:26] app.INFO: Matched route "POST_1.0_plus". {"route_parameters":{"_controller":"[object] (Closure: {})","_route":"POST_1.0_plus"},"request_uri":"http://mrandmrssmith.local/1.0/plus"} []
[2017-05-15 10:47:26] app.INFO: > POST /1.0/plus [] []
[2017-05-15 10:47:26] app.INFO: < 200 [] []
[2017-05-15 10:51:02] app.INFO: Matched route "GET_". {"route_parameters":{"_controller":"[object] (Closure: {})","_route":"GET_"},"request_uri":"http://mrandmrssmith.local/"} []
[2017-05-15 10:51:02] app.INFO: > GET / [] []
[2017-05-15 10:51:02] app.INFO: < 200 [] []
[2017-05-15 10:51:04] app.INFO: Matched route "POST_1.0_plus". {"route_parameters":{"_controller":"[object] (Closure: {})","_route":"POST_1.0_plus"},"request_uri":"http://mrandmrssmith.local/1.0/plus"} []
[2017-05-15 10:51:04] app.INFO: > POST /1.0/plus [] []
[2017-05-15 10:51:04] app.INFO: < 200 [] []
[2017-05-15 10:51:05] app.INFO: Matched route "POST_1.0_minus". {"route_parameters":{"_controller":"[object] (Closure: {})","_route":"POST_1.0_minus"},"request_uri":"http://mrandmrssmith.local/1.0/minus"} []
[2017-05-15 10:51:05] app.INFO: > POST /1.0/minus [] []
[2017-05-15 10:51:05] app.INFO: < 200 [] []
[2017-05-15 10:51:23] app.INFO: Matched route "GET_". {"route_parameters":{"_controller":"[object] (Closure: {})","_route":"GET_"},"request_uri":"http://mrandmrssmith.local/"} []
[2017-05-15 10:51:23] app.INFO: > GET / [] []
[2017-05-15 10:51:23] app.INFO: < 200 [] []
[2017-05-15 10:51:24] app.INFO: Matched route "POST_1.0_division". {"route_parameters":{"_controller":"[object] (Closure: {})","_route":"POST_1.0_division"},"request_uri":"http://mrandmrssmith.local/1.0/division"} []
[2017-05-15 10:51:24] app.INFO: > POST /1.0/division [] []
[2017-05-15 10:51:24] app.CRITICAL: Twig_Error_Loader: Template "division.twig" is not defined. (uncaught exception) at /home/imran/Projects/mrandmrssmith/vendor/twig/twig/lib/Twig/Loader/Chain.php line 115 {"exception":"[object] (Twig_Error_Loader(code: 0): Template \"division.twig\" is not defined. at /home/imran/Projects/mrandmrssmith/vendor/twig/twig/lib/Twig/Loader/Chain.php:115)"} []
[2017-05-15 10:51:24] app.INFO: < 500 [] []
[2017-05-15 10:51:26] app.INFO: Matched route "POST_1.0_plus". {"route_parameters":{"_controller":"[object] (Closure: {})","_route":"POST_1.0_plus"},"request_uri":"http://mrandmrssmith.local/1.0/plus"} []
[2017-05-15 10:51:26] app.INFO: > POST /1.0/plus [] []
[2017-05-15 10:51:26] app.INFO: < 200 [] []
[2017-05-15 10:51:27] app.INFO: Matched route "POST_1.0_minus". {"route_parameters":{"_controller":"[object] (Closure: {})","_route":"POST_1.0_minus"},"request_uri":"http://mrandmrssmith.local/1.0/minus"} []
[2017-05-15 10:51:27] app.INFO: > POST /1.0/minus [] []
[2017-05-15 10:51:27] app.INFO: < 200 [] []
[2017-05-15 10:51:28] app.INFO: Matched route "POST_1.0_multiplication". {"route_parameters":{"_controller":"[object] (Closure: {})","_route":"POST_1.0_multiplication"},"request_uri":"http://mrandmrssmith.local/1.0/multiplication"} []
[2017-05-15 10:51:28] app.INFO: > POST /1.0/multiplication [] []
[2017-05-15 10:51:28] app.CRITICAL: Twig_Error_Loader: Template "multiplication.twig" is not defined. (uncaught exception) at /home/imran/Projects/mrandmrssmith/vendor/twig/twig/lib/Twig/Loader/Chain.php line 115 {"exception":"[object] (Twig_Error_Loader(code: 0): Template \"multiplication.twig\" is not defined. at /home/imran/Projects/mrandmrssmith/vendor/twig/twig/lib/Twig/Loader/Chain.php:115)"} []
[2017-05-15 10:51:28] app.INFO: < 500 [] []
[2017-05-15 10:51:41] app.INFO: Matched route "GET_". {"route_parameters":{"_controller":"[object] (Closure: {})","_route":"GET_"},"request_uri":"http://mrandmrssmith.local/"} []
[2017-05-15 10:51:41] app.INFO: > GET / [] []
[2017-05-15 10:51:41] app.INFO: < 200 [] []
[2017-05-15 10:51:47] app.INFO: Matched route "POST_1.0_plus". {"route_parameters":{"_controller":"[object] (Closure: {})","_route":"POST_1.0_plus"},"request_uri":"http://mrandmrssmith.local/1.0/plus"} []
[2017-05-15 10:51:47] app.INFO: > POST /1.0/plus [] []
[2017-05-15 10:51:47] app.INFO: < 200 [] []
[2017-05-15 10:51:56] app.INFO: Matched route "POST_1.0_multiplication". {"route_parameters":{"_controller":"[object] (Closure: {})","_route":"POST_1.0_multiplication"},"request_uri":"http://mrandmrssmith.local/1.0/multiplication"} []
[2017-05-15 10:51:56] app.INFO: > POST /1.0/multiplication [] []
[2017-05-15 10:51:56] app.CRITICAL: Twig_Error_Loader: Template "multiplication.twig" is not defined. (uncaught exception) at /home/imran/Projects/mrandmrssmith/vendor/twig/twig/lib/Twig/Loader/Chain.php line 115 {"exception":"[object] (Twig_Error_Loader(code: 0): Template \"multiplication.twig\" is not defined. at /home/imran/Projects/mrandmrssmith/vendor/twig/twig/lib/Twig/Loader/Chain.php:115)"} []
[2017-05-15 10:51:56] app.INFO: < 500 [] []
[2017-05-15 10:55:26] app.INFO: Matched route "GET_". {"route_parameters":{"_controller":"[object] (Closure: {})","_route":"GET_"},"request_uri":"http://mrandmrssmith.local/"} []
[2017-05-15 10:55:26] app.INFO: > GET / [] []
[2017-05-15 10:55:26] app.INFO: < 200 [] []
[2017-05-15 10:55:27] app.INFO: Matched route "POST_1.0_multiplication". {"route_parameters":{"_controller":"[object] (Closure: {})","_route":"POST_1.0_multiplication"},"request_uri":"http://mrandmrssmith.local/1.0/multiplication"} []
[2017-05-15 10:55:27] app.INFO: > POST /1.0/multiplication [] []
[2017-05-15 10:55:27] app.CRITICAL: Twig_Error_Runtime: Variable "multiplication" does not exist in "multiplication.twig" at line 9. (uncaught exception) at /home/imran/Projects/mrandmrssmith/vendor/twig/twig/lib/Twig/Template.php line 437 {"exception":"[object] (Twig_Error_Runtime(code: 0): Variable \"multiplication\" does not exist in \"multiplication.twig\" at line 9. at /home/imran/Projects/mrandmrssmith/vendor/twig/twig/lib/Twig/Template.php:437)"} []
[2017-05-15 10:55:27] app.INFO: < 500 [] []
[2017-05-15 10:55:32] app.INFO: Matched route "POST_1.0_multiplication". {"route_parameters":{"_controller":"[object] (Closure: {})","_route":"POST_1.0_multiplication"},"request_uri":"http://mrandmrssmith.local/1.0/multiplication"} []
[2017-05-15 10:55:32] app.INFO: > POST /1.0/multiplication [] []
[2017-05-15 10:55:32] app.CRITICAL: Twig_Error_Runtime: Variable "multiplication" does not exist in "multiplication.twig" at line 9. (uncaught exception) at /home/imran/Projects/mrandmrssmith/vendor/twig/twig/lib/Twig/Template.php line 437 {"exception":"[object] (Twig_Error_Runtime(code: 0): Variable \"multiplication\" does not exist in \"multiplication.twig\" at line 9. at /home/imran/Projects/mrandmrssmith/vendor/twig/twig/lib/Twig/Template.php:437)"} []
[2017-05-15 10:55:32] app.INFO: < 500 [] []
[2017-05-15 10:56:55] app.INFO: Matched route "POST_1.0_multiplication". {"route_parameters":{"_controller":"[object] (Closure: {})","_route":"POST_1.0_multiplication"},"request_uri":"http://mrandmrssmith.local/1.0/multiplication"} []
[2017-05-15 10:56:55] app.INFO: > POST /1.0/multiplication [] []
[2017-05-15 10:58:28] app.INFO: Matched route "POST_1.0_multiplication". {"route_parameters":{"_controller":"[object] (Closure: {})","_route":"POST_1.0_multiplication"},"request_uri":"http://mrandmrssmith.local/1.0/multiplication"} []
[2017-05-15 10:58:28] app.INFO: > POST /1.0/multiplication [] []
[2017-05-15 10:58:28] app.INFO: < 200 [] []
[2017-05-15 10:58:37] app.INFO: Matched route "POST_1.0_division". {"route_parameters":{"_controller":"[object] (Closure: {})","_route":"POST_1.0_division"},"request_uri":"http://mrandmrssmith.local/1.0/division"} []
[2017-05-15 10:58:37] app.INFO: > POST /1.0/division [] []
[2017-05-15 10:58:37] app.INFO: < 200 [] []
[2017-05-15 10:58:41] app.INFO: Matched route "POST_1.0_division". {"route_parameters":{"_controller":"[object] (Closure: {})","_route":"POST_1.0_division"},"request_uri":"http://mrandmrssmith.local/1.0/division"} []
[2017-05-15 10:58:41] app.INFO: > POST /1.0/division [] []
[2017-05-15 10:58:41] app.INFO: < 200 [] []
[2017-05-15 10:58:42] app.INFO: Matched route "POST_1.0_multiplication". {"route_parameters":{"_controller":"[object] (Closure: {})","_route":"POST_1.0_multiplication"},"request_uri":"http://mrandmrssmith.local/1.0/multiplication"} []
[2017-05-15 10:58:42] app.INFO: > POST /1.0/multiplication [] []
[2017-05-15 10:58:42] app.INFO: < 200 [] []
[2017-05-15 10:58:43] app.INFO: Matched route "POST_1.0_plus". {"route_parameters":{"_controller":"[object] (Closure: {})","_route":"POST_1.0_plus"},"request_uri":"http://mrandmrssmith.local/1.0/plus"} []
[2017-05-15 10:58:43] app.INFO: > POST /1.0/plus [] []
[2017-05-15 10:58:43] app.INFO: < 200 [] []
[2017-05-15 10:58:44] app.INFO: Matched route "POST_1.0_minus". {"route_parameters":{"_controller":"[object] (Closure: {})","_route":"POST_1.0_minus"},"request_uri":"http://mrandmrssmith.local/1.0/minus"} []
[2017-05-15 10:58:44] app.INFO: > POST /1.0/minus [] []
[2017-05-15 10:58:44] app.INFO: < 200 [] []
[2017-05-15 10:58:45] app.INFO: Matched route "POST_1.0_multiplication". {"route_parameters":{"_controller":"[object] (Closure: {})","_route":"POST_1.0_multiplication"},"request_uri":"http://mrandmrssmith.local/1.0/multiplication"} []
[2017-05-15 10:58:45] app.INFO: > POST /1.0/multiplication [] []
[2017-05-15 10:58:45] app.INFO: < 200 [] []
[2017-05-15 10:58:51] app.INFO: Matched route "POST_1.0_multiplication". {"route_parameters":{"_controller":"[object] (Closure: {})","_route":"POST_1.0_multiplication"},"request_uri":"http://mrandmrssmith.local/1.0/multiplication"} []
[2017-05-15 10:58:51] app.INFO: > POST /1.0/multiplication [] []
[2017-05-15 10:58:51] app.INFO: < 200 [] []
[2017-05-15 10:58:52] app.INFO: Matched route "POST_1.0_division". {"route_parameters":{"_controller":"[object] (Closure: {})","_route":"POST_1.0_division"},"request_uri":"http://mrandmrssmith.local/1.0/division"} []
[2017-05-15 10:58:52] app.INFO: > POST /1.0/division [] []
[2017-05-15 10:58:52] app.INFO: < 200 [] []
[2017-05-15 10:58:58] app.INFO: Matched route "POST_1.0_division". {"route_parameters":{"_controller":"[object] (Closure: {})","_route":"POST_1.0_division"},"request_uri":"http://mrandmrssmith.local/1.0/division"} []
[2017-05-15 10:58:58] app.INFO: > POST /1.0/division [] []
[2017-05-15 10:58:58] app.INFO: < 200 [] []
[2017-05-15 10:59:02] app.INFO: Matched route "POST_1.0_division". {"route_parameters":{"_controller":"[object] (Closure: {})","_route":"POST_1.0_division"},"request_uri":"http://mrandmrssmith.local/1.0/division"} []
[2017-05-15 10:59:02] app.INFO: > POST /1.0/division [] []
[2017-05-15 10:59:02] app.INFO: < 200 [] []
[2017-05-15 10:59:56] app.INFO: Matched route "GET_". {"route_parameters":{"_controller":"[object] (Closure: {})","_route":"GET_"},"request_uri":"http://mrandmrssmith.local/"} []
[2017-05-15 10:59:56] app.INFO: > GET / [] []
[2017-05-15 10:59:56] app.INFO: < 200 [] []
[2017-05-15 10:59:58] app.INFO: Matched route "POST_1.0_division". {"route_parameters":{"_controller":"[object] (Closure: {})","_route":"POST_1.0_division"},"request_uri":"http://mrandmrssmith.local/1.0/division"} []
[2017-05-15 10:59:58] app.INFO: > POST /1.0/division [] []
[2017-05-15 10:59:58] app.INFO: < 200 [] []
[2017-05-15 11:00:07] app.INFO: Matched route "POST_1.0_division". {"route_parameters":{"_controller":"[object] (Closure: {})","_route":"POST_1.0_division"},"request_uri":"http://mrandmrssmith.local/1.0/division"} []
[2017-05-15 11:00:07] app.INFO: > POST /1.0/division [] []
[2017-05-15 11:00:07] app.INFO: < 200 [] []
[2017-05-15 11:09:32] app.INFO: Matched route "GET_". {"route_parameters":{"_controller":"[object] (Closure: {})","_route":"GET_"},"request_uri":"http://mrandmrssmith.local/"} []
[2017-05-15 11:09:32] app.INFO: > GET / [] []
[2017-05-15 11:09:32] app.INFO: < 200 [] []
[2017-05-15 11:09:34] app.INFO: Matched route "POST_1.0_plus". {"route_parameters":{"_controller":"[object] (Closure: {})","_route":"POST_1.0_plus"},"request_uri":"http://mrandmrssmith.local/1.0/plus"} []
[2017-05-15 11:09:34] app.INFO: > POST /1.0/plus [] []
[2017-05-15 11:09:34] app.INFO: < 200 [] []
[2017-05-15 11:09:34] app.INFO: Matched route "POST_1.0_minus". {"route_parameters":{"_controller":"[object] (Closure: {})","_route":"POST_1.0_minus"},"request_uri":"http://mrandmrssmith.local/1.0/minus"} []
[2017-05-15 11:09:34] app.INFO: > POST /1.0/minus [] []
[2017-05-15 11:09:34] app.INFO: < 200 [] []
[2017-05-15 11:09:35] app.INFO: Matched route "POST_1.0_multiplication". {"route_parameters":{"_controller":"[object] (Closure: {})","_route":"POST_1.0_multiplication"},"request_uri":"http://mrandmrssmith.local/1.0/multiplication"} []
[2017-05-15 11:09:35] app.INFO: > POST /1.0/multiplication [] []
[2017-05-15 11:09:35] app.INFO: < 200 [] []
[2017-05-15 11:09:36] app.INFO: Matched route "POST_1.0_division". {"route_parameters":{"_controller":"[object] (Closure: {})","_route":"POST_1.0_division"},"request_uri":"http://mrandmrssmith.local/1.0/division"} []
[2017-05-15 11:09:36] app.INFO: > POST /1.0/division [] []
[2017-05-15 11:09:36] app.INFO: < 200 [] []
[2017-05-15 11:22:28] app.INFO: Matched route "GET_". {"route_parameters":{"_controller":"[object] (Closure: {})","_route":"GET_"},"request_uri":"http://mrandmrssmith.local/"} []
[2017-05-15 11:22:28] app.INFO: > GET / [] []
[2017-05-15 11:22:28] app.INFO: < 200 [] []
[2017-05-15 11:22:30] app.INFO: Matched route "POST_1.0_multiplication". {"route_parameters":{"_controller":"[object] (Closure: {})","_route":"POST_1.0_multiplication"},"request_uri":"http://mrandmrssmith.local/1.0/multiplication"} []
[2017-05-15 11:22:30] app.INFO: > POST /1.0/multiplication [] []
[2017-05-15 11:22:30] app.INFO: < 200 [] []
[2017-05-15 11:22:31] app.INFO: Matched route "POST_1.0_minus". {"route_parameters":{"_controller":"[object] (Closure: {})","_route":"POST_1.0_minus"},"request_uri":"http://mrandmrssmith.local/1.0/minus"} []
[2017-05-15 11:22:31] app.INFO: > POST /1.0/minus [] []
[2017-05-15 11:22:31] app.INFO: < 200 [] []
[2017-05-15 11:22:32] app.INFO: Matched route "POST_1.0_plus". {"route_parameters":{"_controller":"[object] (Closure: {})","_route":"POST_1.0_plus"},"request_uri":"http://mrandmrssmith.local/1.0/plus"} []
[2017-05-15 11:22:32] app.INFO: > POST /1.0/plus [] []
[2017-05-15 11:22:32] app.INFO: < 200 [] []
[2017-05-15 11:22:34] app.INFO: Matched route "POST_1.0_minus". {"route_parameters":{"_controller":"[object] (Closure: {})","_route":"POST_1.0_minus"},"request_uri":"http://mrandmrssmith.local/1.0/minus"} []
[2017-05-15 11:22:34] app.INFO: > POST /1.0/minus [] []
[2017-05-15 11:22:34] app.INFO: < 200 [] []
[2017-05-15 11:22:35] app.INFO: Matched route "POST_1.0_plus". {"route_parameters":{"_controller":"[object] (Closure: {})","_route":"POST_1.0_plus"},"request_uri":"http://mrandmrssmith.local/1.0/plus"} []
[2017-05-15 11:22:35] app.INFO: > POST /1.0/plus [] []
[2017-05-15 11:22:35] app.INFO: < 200 [] []
[2017-05-15 11:22:36] app.INFO: Matched route "POST_1.0_multiplication". {"route_parameters":{"_controller":"[object] (Closure: {})","_route":"POST_1.0_multiplication"},"request_uri":"http://mrandmrssmith.local/1.0/multiplication"} []
[2017-05-15 11:22:36] app.INFO: > POST /1.0/multiplication [] []
[2017-05-15 11:22:36] app.INFO: < 200 [] []
[2017-05-15 11:22:36] app.INFO: Matched route "POST_1.0_division". {"route_parameters":{"_controller":"[object] (Closure: {})","_route":"POST_1.0_division"},"request_uri":"http://mrandmrssmith.local/1.0/division"} []
[2017-05-15 11:22:36] app.INFO: > POST /1.0/division [] []
[2017-05-15 11:22:36] app.INFO: < 200 [] []
